<?xml version="1.0" encoding="UTF-8"?>
<testng-results ignored="0" total="7" passed="7" failed="0" skipped="0">
  <reporter-output>
  </reporter-output>
  <suite started-at="2025-01-29T16:18:50 IST" name="Smoke Test Cases Suite" finished-at="2025-01-29T16:19:53 IST" duration-ms="62421">
    <groups>
      <group name="smoke">
        <method signature="LoginTest.verifyLogin()[pri:0, instance:com.ecommerce.testCases.LoginTest@54e1c68b]" name="verifyLogin" class="com.ecommerce.testCases.LoginTest"/>
        <method signature="AddToCartTest.verifyAddToCart()[pri:0, instance:com.ecommerce.testCases.AddToCartTest@117159c0]" name="verifyAddToCart" class="com.ecommerce.testCases.AddToCartTest"/>
        <method signature="CheckoutFromCartTest.checkoutItems()[pri:0, instance:com.ecommerce.testCases.CheckoutFromCartTest@202b0582]" name="checkoutItems" class="com.ecommerce.testCases.CheckoutFromCartTest"/>
        <method signature="VerifyPaymentTest.verifyPayment(java.lang.String,java.lang.String,java.lang.String)[pri:0, instance:com.ecommerce.testCases.VerifyPaymentTest@17f9d882]" name="verifyPayment" class="com.ecommerce.testCases.VerifyPaymentTest"/>
      </group> <!-- smoke -->
    </groups>
    <test started-at="2025-01-29T16:18:50 IST" name="Verify Login Functionality" finished-at="2025-01-29T16:18:54 IST" duration-ms="4309">
      <class name="com.ecommerce.testCases.LoginTest">
        <test-method is-config="true" signature="setup()[pri:0, instance:com.ecommerce.testCases.LoginTest@54e1c68b]" started-at="2025-01-29T16:18:50 IST" name="setup" finished-at="2025-01-29T16:18:54 IST" duration-ms="3705" status="PASS">
          <reporter-output>
          </reporter-output>
        </test-method> <!-- setup -->
        <test-method signature="verifyLogin()[pri:0, instance:com.ecommerce.testCases.LoginTest@54e1c68b]" started-at="2025-01-29T16:18:54 IST" name="verifyLogin" finished-at="2025-01-29T16:18:54 IST" duration-ms="394" status="PASS">
          <reporter-output>
          </reporter-output>
        </test-method> <!-- verifyLogin -->
        <test-method is-config="true" signature="teardown()[pri:0, instance:com.ecommerce.testCases.LoginTest@54e1c68b]" started-at="2025-01-29T16:18:54 IST" name="teardown" finished-at="2025-01-29T16:18:54 IST" duration-ms="166" status="PASS">
          <reporter-output>
          </reporter-output>
        </test-method> <!-- teardown -->
      </class> <!-- com.ecommerce.testCases.LoginTest -->
    </test> <!-- Verify Login Functionality -->
    <test started-at="2025-01-29T16:18:55 IST" name="Adding Item(s) to Cart Test" finished-at="2025-01-29T16:19:04 IST" duration-ms="8997">
      <class name="com.ecommerce.testCases.AddToCartTest">
        <test-method is-config="true" signature="setup()[pri:0, instance:com.ecommerce.testCases.AddToCartTest@117159c0]" started-at="2025-01-29T16:18:55 IST" name="setup" finished-at="2025-01-29T16:18:57 IST" duration-ms="2083" status="PASS">
          <reporter-output>
          </reporter-output>
        </test-method> <!-- setup -->
        <test-method signature="verifyAddToCart()[pri:0, instance:com.ecommerce.testCases.AddToCartTest@117159c0]" started-at="2025-01-29T16:18:57 IST" name="verifyAddToCart" finished-at="2025-01-29T16:19:04 IST" duration-ms="6734" status="PASS">
          <reporter-output>
          </reporter-output>
        </test-method> <!-- verifyAddToCart -->
        <test-method is-config="true" signature="teardown()[pri:0, instance:com.ecommerce.testCases.AddToCartTest@117159c0]" started-at="2025-01-29T16:19:04 IST" name="teardown" finished-at="2025-01-29T16:19:04 IST" duration-ms="179" status="PASS">
          <reporter-output>
          </reporter-output>
        </test-method> <!-- teardown -->
      </class> <!-- com.ecommerce.testCases.AddToCartTest -->
    </test> <!-- Adding Item(s) to Cart Test -->
    <test started-at="2025-01-29T16:19:04 IST" name="Checkout Item(s) from Cart Test" finished-at="2025-01-29T16:19:14 IST" duration-ms="10698">
      <class name="com.ecommerce.testCases.CheckoutFromCartTest">
        <test-method is-config="true" signature="setup()[pri:0, instance:com.ecommerce.testCases.CheckoutFromCartTest@202b0582]" started-at="2025-01-29T16:19:04 IST" name="setup" finished-at="2025-01-29T16:19:13 IST" duration-ms="9275" status="PASS">
          <reporter-output>
          </reporter-output>
        </test-method> <!-- setup -->
        <test-method signature="checkoutItems()[pri:0, instance:com.ecommerce.testCases.CheckoutFromCartTest@202b0582]" started-at="2025-01-29T16:19:13 IST" name="checkoutItems" finished-at="2025-01-29T16:19:14 IST" duration-ms="1203" status="PASS">
          <reporter-output>
          </reporter-output>
        </test-method> <!-- checkoutItems -->
        <test-method is-config="true" signature="teardown()[pri:0, instance:com.ecommerce.testCases.CheckoutFromCartTest@202b0582]" started-at="2025-01-29T16:19:14 IST" name="teardown" finished-at="2025-01-29T16:19:14 IST" duration-ms="219" status="PASS">
          <reporter-output>
          </reporter-output>
        </test-method> <!-- teardown -->
      </class> <!-- com.ecommerce.testCases.CheckoutFromCartTest -->
    </test> <!-- Checkout Item(s) from Cart Test -->
    <test started-at="2025-01-29T16:19:15 IST" name="Verify Payment Test" finished-at="2025-01-29T16:19:29 IST" duration-ms="14464">
      <class name="com.ecommerce.testCases.VerifyPaymentTest">
        <test-method is-config="true" signature="setup()[pri:0, instance:com.ecommerce.testCases.VerifyPaymentTest@17f9d882]" started-at="2025-01-29T16:19:16 IST" name="setup" finished-at="2025-01-29T16:19:28 IST" duration-ms="11821" status="PASS">
          <reporter-output>
          </reporter-output>
        </test-method> <!-- setup -->
        <test-method signature="verifyPayment(java.lang.String,java.lang.String,java.lang.String)[pri:0, instance:com.ecommerce.testCases.VerifyPaymentTest@17f9d882]" started-at="2025-01-29T16:19:28 IST" name="verifyPayment" data-provider="paymentDetails" finished-at="2025-01-29T16:19:29 IST" duration-ms="1141" status="PASS">
          <params>
            <param index="0">
              <value>
                <![CDATA[000 111 222 333]]>
              </value>
            </param>
            <param index="1">
              <value>
                <![CDATA[123]]>
              </value>
            </param>
            <param index="2">
              <value>
                <![CDATA[india]]>
              </value>
            </param>
          </params>
          <reporter-output>
          </reporter-output>
        </test-method> <!-- verifyPayment -->
        <test-method is-config="true" signature="teardown()[pri:0, instance:com.ecommerce.testCases.VerifyPaymentTest@17f9d882]" started-at="2025-01-29T16:19:29 IST" name="teardown" finished-at="2025-01-29T16:19:29 IST" duration-ms="228" status="PASS">
          <reporter-output>
          </reporter-output>
        </test-method> <!-- teardown -->
      </class> <!-- com.ecommerce.testCases.VerifyPaymentTest -->
    </test> <!-- Verify Payment Test -->
    <test started-at="2025-01-29T16:19:29 IST" name="Delete Items from Cart Test" finished-at="2025-01-29T16:19:45 IST" duration-ms="15444">
      <class name="com.ecommerce.testCases.DeleteItemsFromCartTest">
        <test-method is-config="true" signature="setup()[pri:0, instance:com.ecommerce.testCases.DeleteItemsFromCartTest@4a83a74a]" started-at="2025-01-29T16:19:29 IST" name="setup" finished-at="2025-01-29T16:19:39 IST" duration-ms="9482" status="PASS">
          <reporter-output>
          </reporter-output>
        </test-method> <!-- setup -->
        <test-method signature="verifyDeleteItems()[pri:0, instance:com.ecommerce.testCases.DeleteItemsFromCartTest@4a83a74a]" started-at="2025-01-29T16:19:39 IST" name="verifyDeleteItems" finished-at="2025-01-29T16:19:44 IST" duration-ms="5726" status="PASS">
          <reporter-output>
          </reporter-output>
        </test-method> <!-- verifyDeleteItems -->
        <test-method is-config="true" signature="teardown()[pri:0, instance:com.ecommerce.testCases.DeleteItemsFromCartTest@4a83a74a]" started-at="2025-01-29T16:19:44 IST" name="teardown" finished-at="2025-01-29T16:19:45 IST" duration-ms="235" status="PASS">
          <reporter-output>
          </reporter-output>
        </test-method> <!-- teardown -->
      </class> <!-- com.ecommerce.testCases.DeleteItemsFromCartTest -->
    </test> <!-- Delete Items from Cart Test -->
    <test started-at="2025-01-29T16:19:45 IST" name="Sign Out User Test" finished-at="2025-01-29T16:19:47 IST" duration-ms="2535">
      <class name="com.ecommerce.testCases.SignOutTest">
        <test-method is-config="true" signature="setup()[pri:0, instance:com.ecommerce.testCases.SignOutTest@d737b89]" started-at="2025-01-29T16:19:45 IST" name="setup" finished-at="2025-01-29T16:19:47 IST" duration-ms="2111" status="PASS">
          <reporter-output>
          </reporter-output>
        </test-method> <!-- setup -->
        <test-method signature="verifySignOut()[pri:0, instance:com.ecommerce.testCases.SignOutTest@d737b89]" started-at="2025-01-29T16:19:47 IST" name="verifySignOut" finished-at="2025-01-29T16:19:47 IST" duration-ms="246" status="PASS">
          <reporter-output>
          </reporter-output>
        </test-method> <!-- verifySignOut -->
        <test-method is-config="true" signature="teardown()[pri:0, instance:com.ecommerce.testCases.SignOutTest@d737b89]" started-at="2025-01-29T16:19:47 IST" name="teardown" finished-at="2025-01-29T16:19:47 IST" duration-ms="176" status="PASS">
          <reporter-output>
          </reporter-output>
        </test-method> <!-- teardown -->
      </class> <!-- com.ecommerce.testCases.SignOutTest -->
    </test> <!-- Sign Out User Test -->
    <test started-at="2025-01-29T16:19:47 IST" name="Register User Test" finished-at="2025-01-29T16:19:53 IST" duration-ms="5329">
      <class name="com.ecommerce.testCases.RegisterUserTest">
        <test-method is-config="true" signature="setup()[pri:0, instance:com.ecommerce.testCases.RegisterUserTest@3f191845]" started-at="2025-01-29T16:19:47 IST" name="setup" finished-at="2025-01-29T16:19:51 IST" duration-ms="4020" status="PASS">
          <reporter-output>
          </reporter-output>
        </test-method> <!-- setup -->
        <test-method signature="validateRegisterUser()[pri:0, instance:com.ecommerce.testCases.RegisterUserTest@3f191845]" started-at="2025-01-29T16:19:51 IST" name="validateRegisterUser" finished-at="2025-01-29T16:19:52 IST" duration-ms="1119" status="PASS">
          <reporter-output>
          </reporter-output>
        </test-method> <!-- validateRegisterUser -->
        <test-method is-config="true" signature="teardown()[pri:0, instance:com.ecommerce.testCases.RegisterUserTest@3f191845]" started-at="2025-01-29T16:19:52 IST" name="teardown" finished-at="2025-01-29T16:19:53 IST" duration-ms="190" status="PASS">
          <reporter-output>
          </reporter-output>
        </test-method> <!-- teardown -->
      </class> <!-- com.ecommerce.testCases.RegisterUserTest -->
    </test> <!-- Register User Test -->
  </suite> <!-- Smoke Test Cases Suite -->
</testng-results>
