<?xml version="1.0" encoding="UTF-8"?>
<!-- Generated by org.testng.reporters.JUnitXMLReporter -->
<testsuite ignored="3" hostname="DESKTOP-GNSDR8S" failures="0" tests="1" name="Login Page Tests" time="11.313" errors="0" timestamp="2025-01-09T20:34:04 IST">
  <testcase classname="com.ecommerce.testCases.LoginPageTest" name="verifyLogin" time="1.226"/>
  <testcase classname="com.ecommerce.testCases.LoginPageTest" name="isForgotPasswordDisplayed" time="0.0">
    <ignored/>
  </testcase> <!-- isForgotPasswordDisplayed -->
  <testcase classname="com.ecommerce.testCases.LoginPageTest" name="goToRegisterPage" time="0.0">
    <ignored/>
  </testcase> <!-- goToRegisterPage -->
  <testcase classname="com.ecommerce.testCases.LoginPageTest" name="verifyTitle" time="0.0">
    <ignored/>
  </testcase> <!-- verifyTitle -->
</testsuite> <!-- Login Page Tests -->
